<?xml version="1.0" encoding="UTF-8"?>
<!-- Generated by org.testng.reporters.JUnitXMLReporter -->
<testsuite ignored="0" hostname="USBLRSOMEGHANA1" failures="0" tests="6" name="Default test(failed)" time="2.397" errors="0" timestamp="2023-06-23T10:41:29 IST">
  <testcase classname="com.usga.qa.tests.AndroidPlayerSearch" name="@BeforeClass setup" time="1.841">
    <failure type="org.openqa.selenium.SessionNotCreatedException" message="Could not start a new session. Response code 500. Message: An unknown server-side error occurred while processing the command. Original error: Neither ANDROID_HOME nor ANDROID_SDK_ROOT environment variable was exported. Read https://developer.android.com/studio/command-line/variables for more details 
Host info: host: &amp;apos;USBLRSOMEGHANA1&amp;apos;, ip: &amp;apos;192.168.1.3&amp;apos;
Build info: version: &amp;apos;4.6.0&amp;apos;, revision: &amp;apos;79f1c02ae20&amp;apos;
System info: os.name: &amp;apos;Mac OS X&amp;apos;, os.arch: &amp;apos;x86_64&amp;apos;, os.version: &amp;apos;13.4&amp;apos;, java.version: &amp;apos;19.0.1&amp;apos;
Driver info: io.appium.java_client.android.AndroidDriver
Command: [null, newSession {capabilities=[{appium:appActivity=org.usga.ui.MainComposeActivity, appium:appPackage=org.usga.qa, appium:automationName=UiAutomator2, appium:deviceName=SM-G973F/DS, platformName=ANDROID, appium:platformVersion=11}], desiredCapabilities=Capabilities {appActivity: org.usga.ui.MainComposeActi..., appPackage: org.usga.qa, automationName: UiAutomator2, deviceName: SM-G973F/DS, platformName: ANDROID, platformVersion: 11}}]
Capabilities {}">
      <![CDATA[org.openqa.selenium.SessionNotCreatedException: Could not start a new session. Response code 500. Message: An unknown server-side error occurred while processing the command. Original error: Neither ANDROID_HOME nor ANDROID_SDK_ROOT environment variable was exported. Read https://developer.android.com/studio/command-line/variables for more details 
Host info: host: 'USBLRSOMEGHANA1', ip: '192.168.1.3'
Build info: version: '4.6.0', revision: '79f1c02ae20'
System info: os.name: 'Mac OS X', os.arch: 'x86_64', os.version: '13.4', java.version: '19.0.1'
Driver info: io.appium.java_client.android.AndroidDriver
Command: [null, newSession {capabilities=[{appium:appActivity=org.usga.ui.MainComposeActivity, appium:appPackage=org.usga.qa, appium:automationName=UiAutomator2, appium:deviceName=SM-G973F/DS, platformName=ANDROID, appium:platformVersion=11}], desiredCapabilities=Capabilities {appActivity: org.usga.ui.MainComposeActi..., appPackage: org.usga.qa, automationName: UiAutomator2, deviceName: SM-G973F/DS, platformName: ANDROID, platformVersion: 11}}]
Capabilities {}
at org.openqa.selenium.remote.ProtocolHandshake.createSession(ProtocolHandshake.java:146)
at io.appium.java_client.remote.AppiumProtocolHandshake.createSession(AppiumProtocolHandshake.java:126)
at io.appium.java_client.remote.AppiumProtocolHandshake.createSession(AppiumProtocolHandshake.java:102)
at io.appium.java_client.remote.AppiumCommandExecutor.createSession(AppiumCommandExecutor.java:155)
at io.appium.java_client.remote.AppiumCommandExecutor.execute(AppiumCommandExecutor.java:189)
at org.openqa.selenium.remote.RemoteWebDriver.execute(RemoteWebDriver.java:541)
at io.appium.java_client.AppiumDriver.startSession(AppiumDriver.java:229)
at org.openqa.selenium.remote.RemoteWebDriver.<init>(RemoteWebDriver.java:157)
at io.appium.java_client.AppiumDriver.<init>(AppiumDriver.java:80)
at io.appium.java_client.AppiumDriver.<init>(AppiumDriver.java:92)
at io.appium.java_client.android.AndroidDriver.<init>(AndroidDriver.java:117)
at com.usga.qa.base.BaseClass.androidinitialization(BaseClass.java:64)
at com.usga.qa.tests.AndroidPlayerSearch.setup(AndroidPlayerSearch.java:32)
at java.base/java.util.ArrayList.forEach(ArrayList.java:1511)
... Removed 25 stack frames]]>
    </failure>
  </testcase> <!-- @BeforeClass setup -->
  <testcase classname="com.usga.qa.tests.AndroidPlayerSearch" name="testGetStartedButton_Android" time="0.0">
    <skipped/>
  </testcase> <!-- testGetStartedButton_Android -->
  <testcase classname="com.usga.qa.tests.AndroidPlayerSearch" name="selectPermissionsButton_Android" time="0.0">
    <skipped/>
  </testcase> <!-- selectPermissionsButton_Android -->
  <testcase classname="com.usga.qa.tests.AndroidPlayerSearch" name="selectChampionship_Android" time="0.0">
    <skipped/>
  </testcase> <!-- selectChampionship_Android -->
  <testcase classname="com.usga.qa.tests.AndroidPlayerSearch" name="enterPlayerName_Android" time="0.0">
    <skipped/>
  </testcase> <!-- enterPlayerName_Android -->
  <testcase classname="com.usga.qa.tests.AndroidPlayerSearch" name="FavPlayer_and_VerifyScorecardData_Android" time="0.0">
    <skipped/>
  </testcase> <!-- FavPlayer_and_VerifyScorecardData_Android -->
  <testcase classname="com.usga.qa.tests.AndroidPlayerSearch" name="verify_favplayer_in_leaderboard_Android" time="0.0">
    <skipped/>
  </testcase> <!-- verify_favplayer_in_leaderboard_Android -->
</testsuite> <!-- Default test(failed) -->
