<?xml version="1.0" encoding="UTF-8"?>
<!-- Generated by org.testng.reporters.JUnitXMLReporter -->
<testsuite ignored="0" hostname="USBLRSOMEGHANA1" failures="0" tests="6" name="Default test" time="2.989" errors="0" timestamp="2023-06-23T10:39:58 IST">
  <testcase classname="com.usga.qa.tests.AndroidPlayerSearch" name="@BeforeClass setup" time="2.372">
    <failure type="org.openqa.selenium.SessionNotCreatedException" message="Could not start a new session. Response code 500. Message: An unknown server-side error occurred while processing the command. Original error: Neither ANDROID_HOME nor ANDROID_SDK_ROOT environment variable was exported. Read https://developer.android.com/studio/command-line/variables for more details 
Host info: host: &amp;apos;USBLRSOMEGHANA1&amp;apos;, ip: &amp;apos;192.168.1.3&amp;apos;
Build info: version: &amp;apos;4.6.0&amp;apos;, revision: &amp;apos;79f1c02ae20&amp;apos;
System info: os.name: &amp;apos;Mac OS X&amp;apos;, os.arch: &amp;apos;x86_64&amp;apos;, os.version: &amp;apos;13.4&amp;apos;, java.version: &amp;apos;19.0.1&amp;apos;
Driver info: io.appium.java_client.android.AndroidDriver
Command: [null, newSession {capabilities=[{appium:appActivity=org.usga.ui.MainComposeActivity, appium:appPackage=org.usga.qa, appium:automationName=UiAutomator2, appium:deviceName=SM-G973F/DS, platformName=ANDROID, appium:platformVersion=11}], desiredCapabilities=Capabilities {appActivity: org.usga.ui.MainComposeActi..., appPackage: org.usga.qa, automationName: UiAutomator2, deviceName: SM-G973F/DS, platformName: ANDROID, platformVersion: 11}}]
Capabilities {}">
      <![CDATA[org.openqa.selenium.SessionNotCreatedException: Could not start a new session. Response code 500. Message: An unknown server-side error occurred while processing the command. Original error: Neither ANDROID_HOME nor ANDROID_SDK_ROOT environment variable was exported. Read https://developer.android.com/studio/command-line/variables for more details 
Host info: host: 'USBLRSOMEGHANA1', ip: '192.168.1.3'
Build info: version: '4.6.0', revision: '79f1c02ae20'
System info: os.name: 'Mac OS X', os.arch: 'x86_64', os.version: '13.4', java.version: '19.0.1'
Driver info: io.appium.java_client.android.AndroidDriver
Command: [null, newSession {capabilities=[{appium:appActivity=org.usga.ui.MainComposeActivity, appium:appPackage=org.usga.qa, appium:automationName=UiAutomator2, appium:deviceName=SM-G973F/DS, platformName=ANDROID, appium:platformVersion=11}], desiredCapabilities=Capabilities {appActivity: org.usga.ui.MainComposeActi..., appPackage: org.usga.qa, automationName: UiAutomator2, deviceName: SM-G973F/DS, platformName: ANDROID, platformVersion: 11}}]
Capabilities {}
at org.openqa.selenium.remote.ProtocolHandshake.createSession(ProtocolHandshake.java:146)
at java.base/jdk.internal.reflect.DirectMethodHandleAccessor.invoke(DirectMethodHandleAccessor.java:104)
at java.base/java.lang.reflect.Method.invoke(Method.java:578)
at io.appium.java_client.remote.AppiumProtocolHandshake.createSession(AppiumProtocolHandshake.java:126)
at io.appium.java_client.remote.AppiumProtocolHandshake.createSession(AppiumProtocolHandshake.java:102)
at io.appium.java_client.remote.AppiumCommandExecutor.createSession(AppiumCommandExecutor.java:155)
at io.appium.java_client.remote.AppiumCommandExecutor.execute(AppiumCommandExecutor.java:189)
at org.openqa.selenium.remote.RemoteWebDriver.execute(RemoteWebDriver.java:541)
at io.appium.java_client.AppiumDriver.startSession(AppiumDriver.java:229)
at org.openqa.selenium.remote.RemoteWebDriver.<init>(RemoteWebDriver.java:157)
at io.appium.java_client.AppiumDriver.<init>(AppiumDriver.java:80)
at io.appium.java_client.AppiumDriver.<init>(AppiumDriver.java:92)
at io.appium.java_client.android.AndroidDriver.<init>(AndroidDriver.java:117)
at com.usga.qa.base.BaseClass.androidinitialization(BaseClass.java:64)
at com.usga.qa.tests.AndroidPlayerSearch.setup(AndroidPlayerSearch.java:32)
at java.base/jdk.internal.reflect.DirectMethodHandleAccessor.invoke(DirectMethodHandleAccessor.java:104)
at java.base/java.lang.reflect.Method.invoke(Method.java:578)
at org.testng.internal.invokers.MethodInvocationHelper.invokeMethod(MethodInvocationHelper.java:139)
at org.testng.internal.invokers.MethodInvocationHelper.invokeMethodConsideringTimeout(MethodInvocationHelper.java:69)
at org.testng.internal.invokers.ConfigInvoker.invokeConfigurationMethod(ConfigInvoker.java:361)
at org.testng.internal.invokers.ConfigInvoker.invokeConfigurations(ConfigInvoker.java:296)
at org.testng.internal.invokers.TestMethodWorker.invokeBeforeClassMethods(TestMethodWorker.java:180)
at org.testng.internal.invokers.TestMethodWorker.run(TestMethodWorker.java:122)
at java.base/java.util.ArrayList.forEach(ArrayList.java:1511)
at org.testng.TestRunner.privateRun(TestRunner.java:806)
at org.testng.TestRunner.run(TestRunner.java:601)
at org.testng.SuiteRunner.runTest(SuiteRunner.java:433)
at org.testng.SuiteRunner.runSequentially(SuiteRunner.java:427)
at org.testng.SuiteRunner.privateRun(SuiteRunner.java:387)
at org.testng.SuiteRunner.run(SuiteRunner.java:330)
at org.testng.SuiteRunnerWorker.runSuite(SuiteRunnerWorker.java:52)
at org.testng.SuiteRunnerWorker.run(SuiteRunnerWorker.java:95)
at org.testng.TestNG.runSuitesSequentially(TestNG.java:1256)
at org.testng.TestNG.runSuitesLocally(TestNG.java:1176)
at org.testng.TestNG.runSuites(TestNG.java:1099)
at org.testng.TestNG.run(TestNG.java:1067)
at org.testng.remote.AbstractRemoteTestNG.run(AbstractRemoteTestNG.java:115)
at org.testng.remote.RemoteTestNG.initAndRun(RemoteTestNG.java:251)
at org.testng.remote.RemoteTestNG.main(RemoteTestNG.java:77)
]]>
    </failure>
  </testcase> <!-- @BeforeClass setup -->
  <testcase classname="com.usga.qa.tests.AndroidPlayerSearch" name="testGetStartedButton_Android" time="0.0">
    <skipped/>
  </testcase> <!-- testGetStartedButton_Android -->
  <testcase classname="com.usga.qa.tests.AndroidPlayerSearch" name="selectPermissionsButton_Android" time="0.0">
    <skipped/>
  </testcase> <!-- selectPermissionsButton_Android -->
  <testcase classname="com.usga.qa.tests.AndroidPlayerSearch" name="selectChampionship_Android" time="0.0">
    <skipped/>
  </testcase> <!-- selectChampionship_Android -->
  <testcase classname="com.usga.qa.tests.AndroidPlayerSearch" name="enterPlayerName_Android" time="0.0">
    <skipped/>
  </testcase> <!-- enterPlayerName_Android -->
  <testcase classname="com.usga.qa.tests.AndroidPlayerSearch" name="FavPlayer_and_VerifyScorecardData_Android" time="0.0">
    <skipped/>
  </testcase> <!-- FavPlayer_and_VerifyScorecardData_Android -->
  <testcase classname="com.usga.qa.tests.AndroidPlayerSearch" name="verify_favplayer_in_leaderboard_Android" time="0.0">
    <skipped/>
  </testcase> <!-- verify_favplayer_in_leaderboard_Android -->
</testsuite> <!-- Default test -->
