<?xml version="1.0" encoding="UTF-8"?>
<!-- Generated by org.testng.reporters.JUnitXMLReporter -->
<testsuite ignored="0" hostname="USBLRSOMEGHANA1" failures="0" tests="6" name="Test" time="120.168" errors="0" timestamp="2023-05-25T18:39:24 IST">
  <testcase classname="com.usga.qa.tests.AndroidPlayerSearch" name="testGetStartedButton_Android" time="9.892"/>
  <testcase classname="com.usga.qa.tests.AndroidPlayerSearch" name="selectPermissionsButton_Android" time="6.532"/>
  <testcase classname="com.usga.qa.tests.AndroidPlayerSearch" name="selectChampionship_Android" time="18.918"/>
  <testcase classname="com.usga.qa.tests.AndroidPlayerSearch" name="enterPlayerName_Android" time="27.053"/>
  <testcase classname="com.usga.qa.tests.AndroidPlayerSearch" name="FavPlayer_and_VerifyScorecardData_Android" time="30.817"/>
  <testcase classname="com.usga.qa.tests.AndroidPlayerSearch" name="verify_favplayer_in_leaderboard_Android" time="15.144"/>
</testsuite> <!-- Test -->
