<?xml version="1.0" encoding="UTF-8"?>
<!-- Generated by org.testng.reporters.JUnitXMLReporter -->
<testsuite ignored="0" hostname="USBLRSOMEGHANA1" failures="1" tests="2" name="Test" time="63.663" errors="0" timestamp="2023-06-29T13:52:39 IST">
  <testcase classname="com.usga.qa.tests.Android" name="VerifyFestivalName" time="15.188"/>
  <testcase classname="com.usga.qa.tests.Android" name="VerifyBandName" time="36.172">
    <failure type="org.openqa.selenium.NoSuchElementException" message="An element could not be located on the page using the given search parameters.
For documentation on this error, please visit: https://selenium.dev/exceptions/#no_such_element
Build info: version: &amp;apos;4.6.0&amp;apos;, revision: &amp;apos;79f1c02ae20&amp;apos;
System info: os.name: &amp;apos;Mac OS X&amp;apos;, os.arch: &amp;apos;x86_64&amp;apos;, os.version: &amp;apos;13.4.1&amp;apos;, java.version: &amp;apos;19.0.1&amp;apos;
Driver info: io.appium.java_client.android.AndroidDriver
Command: [72956486-f9b8-4162-9dab-9a700190c247, findElement {using=-android uiautomator, value=new UiScrollable(new UiSelector()).scrollIntoView(new UiSelector().text(&amp;quot;Yan East&amp;quot;));}]
Capabilities {appium:app: /Users/someghana/eclipse-wo..., appium:appPackage: com.energyaustralia.codingt..., appium:automationName: UiAutomator2, appium:databaseEnabled: false, appium:desired: {app: /Users/someghana/eclipse-wo..., automationName: UiAutomator2, deviceName: Android SDK built for x86, platformName: android, platformVersion: 10}, appium:deviceApiLevel: 29, appium:deviceManufacturer: Google, appium:deviceModel: Android SDK built for x86, appium:deviceName: emulator-5554, appium:deviceScreenDensity: 240, appium:deviceScreenSize: 480x800, appium:deviceUDID: emulator-5554, appium:javascriptEnabled: true, appium:locationContextEnabled: false, appium:networkConnectionEnabled: true, appium:pixelRatio: 1.5, appium:platformVersion: 10, appium:statBarHeight: 36, appium:takesScreenshot: true, appium:viewportRect: {height: 764, left: 0, top: 36, width: 480}, appium:warnings: {}, appium:webStorageEnabled: false, platformName: ANDROID}
Session ID: 72956486-f9b8-4162-9dab-9a700190c247">
      <![CDATA[org.openqa.selenium.NoSuchElementException: An element could not be located on the page using the given search parameters.
For documentation on this error, please visit: https://selenium.dev/exceptions/#no_such_element
Build info: version: '4.6.0', revision: '79f1c02ae20'
System info: os.name: 'Mac OS X', os.arch: 'x86_64', os.version: '13.4.1', java.version: '19.0.1'
Driver info: io.appium.java_client.android.AndroidDriver
Command: [72956486-f9b8-4162-9dab-9a700190c247, findElement {using=-android uiautomator, value=new UiScrollable(new UiSelector()).scrollIntoView(new UiSelector().text("Yan East"));}]
Capabilities {appium:app: /Users/someghana/eclipse-wo..., appium:appPackage: com.energyaustralia.codingt..., appium:automationName: UiAutomator2, appium:databaseEnabled: false, appium:desired: {app: /Users/someghana/eclipse-wo..., automationName: UiAutomator2, deviceName: Android SDK built for x86, platformName: android, platformVersion: 10}, appium:deviceApiLevel: 29, appium:deviceManufacturer: Google, appium:deviceModel: Android SDK built for x86, appium:deviceName: emulator-5554, appium:deviceScreenDensity: 240, appium:deviceScreenSize: 480x800, appium:deviceUDID: emulator-5554, appium:javascriptEnabled: true, appium:locationContextEnabled: false, appium:networkConnectionEnabled: true, appium:pixelRatio: 1.5, appium:platformVersion: 10, appium:statBarHeight: 36, appium:takesScreenshot: true, appium:viewportRect: {height: 764, left: 0, top: 36, width: 480}, appium:warnings: {}, appium:webStorageEnabled: false, platformName: ANDROID}
Session ID: 72956486-f9b8-4162-9dab-9a700190c247
at org.openqa.selenium.remote.codec.w3c.W3CHttpResponseCodec.createException(W3CHttpResponseCodec.java:200)
at org.openqa.selenium.remote.codec.w3c.W3CHttpResponseCodec.decode(W3CHttpResponseCodec.java:133)
at org.openqa.selenium.remote.codec.w3c.W3CHttpResponseCodec.decode(W3CHttpResponseCodec.java:53)
at org.openqa.selenium.remote.HttpCommandExecutor.execute(HttpCommandExecutor.java:184)
at io.appium.java_client.remote.AppiumCommandExecutor.execute(AppiumCommandExecutor.java:189)
at org.openqa.selenium.remote.RemoteWebDriver.execute(RemoteWebDriver.java:541)
at org.openqa.selenium.remote.ElementLocation$ElementFinder$2.findElement(ElementLocation.java:162)
at org.openqa.selenium.remote.ElementLocation.findElement(ElementLocation.java:66)
at org.openqa.selenium.remote.RemoteWebDriver.findElement(RemoteWebDriver.java:365)
at org.openqa.selenium.remote.RemoteWebDriver.findElement(RemoteWebDriver.java:357)
at com.usga.qa.androidscreens.VerifyBand_and_FestivalNames.verifybandnames(VerifyBand_and_FestivalNames.java:108)
at com.usga.qa.tests.Android.VerifyBandName(Android.java:44)
at java.base/java.util.concurrent.ThreadPoolExecutor.runWorker(ThreadPoolExecutor.java:1144)
at java.base/java.util.concurrent.ThreadPoolExecutor$Worker.run(ThreadPoolExecutor.java:642)
at java.base/java.lang.Thread.run(Thread.java:1589)
... Removed 13 stack frames]]>
    </failure>
  </testcase> <!-- VerifyBandName -->
</testsuite> <!-- Test -->
