<?xml version="1.0" encoding="UTF-8"?>
<testng-results ignored="0" total="6" passed="6" failed="0" skipped="0">
  <reporter-output>
  </reporter-output>
  <suite started-at="2023-05-25T18:37:24 IST" name="Suite" finished-at="2023-05-25T18:39:24 IST" duration-ms="120168">
    <groups>
    </groups>
    <test started-at="2023-05-25T18:37:24 IST" name="Test" finished-at="2023-05-25T18:39:24 IST" duration-ms="120168">
      <class name="com.usga.qa.tests.AndroidPlayerSearch">
        <test-method is-config="true" signature="setup()[pri:0, instance:com.usga.qa.tests.AndroidPlayerSearch@7f3b84b8]" started-at="2023-05-25T18:37:24 IST" name="setup" finished-at="2023-05-25T18:37:35 IST" duration-ms="11258" status="PASS">
          <reporter-output>
          </reporter-output>
        </test-method> <!-- setup -->
        <test-method signature="testGetStartedButton_Android()[pri:1, instance:com.usga.qa.tests.AndroidPlayerSearch@7f3b84b8]" started-at="2023-05-25T18:37:35 IST" name="testGetStartedButton_Android" finished-at="2023-05-25T18:37:45 IST" duration-ms="9892" status="PASS">
          <reporter-output>
          </reporter-output>
        </test-method> <!-- testGetStartedButton_Android -->
        <test-method signature="selectPermissionsButton_Android()[pri:2, instance:com.usga.qa.tests.AndroidPlayerSearch@7f3b84b8]" started-at="2023-05-25T18:37:45 IST" name="selectPermissionsButton_Android" finished-at="2023-05-25T18:37:51 IST" duration-ms="6532" status="PASS">
          <reporter-output>
          </reporter-output>
        </test-method> <!-- selectPermissionsButton_Android -->
        <test-method signature="selectChampionship_Android(java.lang.String,java.lang.String,java.lang.String)[pri:3, instance:com.usga.qa.tests.AndroidPlayerSearch@7f3b84b8]" started-at="2023-05-25T18:37:52 IST" name="selectChampionship_Android" data-provider="getTestData" finished-at="2023-05-25T18:38:11 IST" duration-ms="18918" status="PASS">
          <params>
            <param index="0">
              <value>
                <![CDATA[U.S. Senior Open]]>
              </value>
            </param>
            <param index="1">
              <value>
                <![CDATA[Jason Day]]>
              </value>
            </param>
            <param index="2">
              <value>
                <![CDATA[4]]>
              </value>
            </param>
          </params>
          <reporter-output>
          </reporter-output>
        </test-method> <!-- selectChampionship_Android -->
        <test-method signature="enterPlayerName_Android(java.lang.String,java.lang.String,java.lang.String)[pri:4, instance:com.usga.qa.tests.AndroidPlayerSearch@7f3b84b8]" started-at="2023-05-25T18:38:11 IST" name="enterPlayerName_Android" data-provider="getTestData" finished-at="2023-05-25T18:38:38 IST" duration-ms="27053" status="PASS">
          <params>
            <param index="0">
              <value>
                <![CDATA[U.S. Senior Open]]>
              </value>
            </param>
            <param index="1">
              <value>
                <![CDATA[Jason Day]]>
              </value>
            </param>
            <param index="2">
              <value>
                <![CDATA[4]]>
              </value>
            </param>
          </params>
          <reporter-output>
          </reporter-output>
        </test-method> <!-- enterPlayerName_Android -->
        <test-method signature="FavPlayer_and_VerifyScorecardData_Android(java.lang.String,java.lang.String,java.lang.String)[pri:5, instance:com.usga.qa.tests.AndroidPlayerSearch@7f3b84b8]" started-at="2023-05-25T18:38:38 IST" name="FavPlayer_and_VerifyScorecardData_Android" data-provider="getTestData" finished-at="2023-05-25T18:39:09 IST" duration-ms="30817" status="PASS">
          <params>
            <param index="0">
              <value>
                <![CDATA[U.S. Senior Open]]>
              </value>
            </param>
            <param index="1">
              <value>
                <![CDATA[Jason Day]]>
              </value>
            </param>
            <param index="2">
              <value>
                <![CDATA[4]]>
              </value>
            </param>
          </params>
          <reporter-output>
          </reporter-output>
        </test-method> <!-- FavPlayer_and_VerifyScorecardData_Android -->
        <test-method signature="verify_favplayer_in_leaderboard_Android(java.lang.String,java.lang.String,java.lang.String)[pri:6, instance:com.usga.qa.tests.AndroidPlayerSearch@7f3b84b8]" started-at="2023-05-25T18:39:09 IST" name="verify_favplayer_in_leaderboard_Android" data-provider="getTestData" finished-at="2023-05-25T18:39:24 IST" duration-ms="15144" status="PASS">
          <params>
            <param index="0">
              <value>
                <![CDATA[U.S. Senior Open]]>
              </value>
            </param>
            <param index="1">
              <value>
                <![CDATA[Jason Day]]>
              </value>
            </param>
            <param index="2">
              <value>
                <![CDATA[4]]>
              </value>
            </param>
          </params>
          <reporter-output>
          </reporter-output>
        </test-method> <!-- verify_favplayer_in_leaderboard_Android -->
      </class> <!-- com.usga.qa.tests.AndroidPlayerSearch -->
    </test> <!-- Test -->
  </suite> <!-- Suite -->
</testng-results>
